INFO  time: initialize in 0.67s
Dez 15, 2019 1:37:19 PM org.eclipse.lsp4j.jsonrpc.services.GenericEndpoint notify
INFORMATION: Unsupported notification method: $/setTraceNotification
INFO  shutting down Metals
INFO  time: initialize in 0.96s
INFO  skipping build import with status 'Requested'
INFO  shutting down Metals
INFO  time: initialize in 0.96s
INFO  skipping build import with status 'Requested'
INFO  shutting down Metals
INFO  time: initialize in 0.81s
Dez 15, 2019 8:47:12 PM org.eclipse.lsp4j.jsonrpc.RemoteEndpoint handleNotification
WARNUNG: Notification threw an exception: {
  "jsonrpc": "2.0",
  "method": "initialized",
  "params": {}
}
java.lang.RuntimeException: java.lang.reflect.InvocationTargetException
	at org.eclipse.lsp4j.jsonrpc.services.GenericEndpoint.lambda$null$0(GenericEndpoint.java:67)
	at org.eclipse.lsp4j.jsonrpc.services.GenericEndpoint.notify(GenericEndpoint.java:152)
	at org.eclipse.lsp4j.jsonrpc.RemoteEndpoint.handleNotification(RemoteEndpoint.java:220)
	at org.eclipse.lsp4j.jsonrpc.RemoteEndpoint.consume(RemoteEndpoint.java:187)
	at org.eclipse.lsp4j.jsonrpc.json.StreamMessageProducer.handleMessage(StreamMessageProducer.java:194)
	at org.eclipse.lsp4j.jsonrpc.json.StreamMessageProducer.listen(StreamMessageProducer.java:94)
	at org.eclipse.lsp4j.jsonrpc.json.ConcurrentMessageProcessor.run(ConcurrentMessageProcessor.java:113)
	at java.util.concurrent.Executors$RunnableAdapter.call(Executors.java:511)
	at java.util.concurrent.FutureTask.run(FutureTask.java:266)
	at java.util.concurrent.ThreadPoolExecutor.runWorker(ThreadPoolExecutor.java:1149)
	at java.util.concurrent.ThreadPoolExecutor$Worker.run(ThreadPoolExecutor.java:624)
	at java.lang.Thread.run(Thread.java:748)
Caused by: java.lang.reflect.InvocationTargetException
	at sun.reflect.NativeMethodAccessorImpl.invoke0(Native Method)
	at sun.reflect.NativeMethodAccessorImpl.invoke(NativeMethodAccessorImpl.java:62)
	at sun.reflect.DelegatingMethodAccessorImpl.invoke(DelegatingMethodAccessorImpl.java:43)
	at java.lang.reflect.Method.invoke(Method.java:498)
	at org.eclipse.lsp4j.jsonrpc.services.GenericEndpoint.lambda$null$0(GenericEndpoint.java:65)
	... 11 more
Caused by: java.lang.UnsupportedOperationException
	at org.eclipse.lsp4j.services.LanguageClient.registerCapability(LanguageClient.java:50)
	at scala.meta.internal.metals.DelegatingLanguageClient.registerCapability(DelegatingLanguageClient.scala:27)
	at scala.meta.internal.metals.DelegatingLanguageClient.registerCapability(DelegatingLanguageClient.scala:27)
	at scala.meta.internal.metals.MetalsLanguageServer.$anonfun$registerNiceToHaveFilePatterns$5(MetalsLanguageServer.scala:467)
	at scala.Option$WithFilter.map(Option.scala:230)
	at scala.meta.internal.metals.MetalsLanguageServer.$anonfun$registerNiceToHaveFilePatterns$3(MetalsLanguageServer.scala:462)
	at scala.Option.flatMap(Option.scala:271)
	at scala.meta.internal.metals.MetalsLanguageServer.$anonfun$registerNiceToHaveFilePatterns$2(MetalsLanguageServer.scala:461)
	at scala.Option.flatMap(Option.scala:271)
	at scala.meta.internal.metals.MetalsLanguageServer.$anonfun$registerNiceToHaveFilePatterns$1(MetalsLanguageServer.scala:460)
	at scala.Option.flatMap(Option.scala:271)
	at scala.meta.internal.metals.MetalsLanguageServer.registerNiceToHaveFilePatterns(MetalsLanguageServer.scala:459)
	at scala.meta.internal.metals.MetalsLanguageServer.initialized(MetalsLanguageServer.scala:526)
	... 16 more

INFO  time: initialize in 0.78s
INFO  skipping build import with status 'Requested'
